<?xml version="1.0" encoding="UTF-8"?>
<testsuite xmlns:xsi="http://www.w3.org/2001/XMLSchema-instance" xsi:noNamespaceSchemaLocation="https://maven.apache.org/surefire/maven-surefire-plugin/xsd/surefire-test-report.xsd" name="com.example.web.LoginControllerTest" time="0.52" tests="2" errors="0" skipped="0" failures="0">
  <properties>
[...]
</properties>
  <testcase name="loginFail" classname="com.example.web.LoginControllerTest" time="0.505"/>
  <testcase name="loginSuccess" classname="com.example.web.LoginControllerTest" time="0.015"/>
</testsuite>